/*C2*/SET SCHEMA PUBLIC
DISCONNECT
/*C3*/SET SCHEMA PUBLIC
DISCONNECT
/*C4*/SET SCHEMA PUBLIC
DELETE FROM SEQUENCE WHERE SEQ_NAME='SEQ_GEN'
INSERT INTO SEQUENCE VALUES('SEQ_GEN',10400)
COMMIT
INSERT INTO LOGACCESS VALUES(10351,0,NULL,'2017-10-12 11:08:34.634000',NULL,'master',NULL,NULL,'master/deamon__master__2017_10_12__11_08_34__10351',0,'DemarrageAppInstanceService',NULL,0,'DEAMON')
COMMIT
DELETE FROM LOGACCESS WHERE ID=10351
INSERT INTO LOGACCESS VALUES(10351,1,NULL,'2017-10-12 11:08:34.634000','2017-10-12 11:08:35.673000','master',NULL,NULL,'master/deamon__master__2017_10_12__11_08_34__10351',0,'DemarrageAppInstanceService',NULL,0,'DEAMON')
COMMIT
INSERT INTO LOGACCESS VALUES(10352,0,'Chrome 61','2017-10-12 11:08:39.616000',NULL,'amap1',1514,'0:0:0:0:0:0:0:1','amap1/user__amap1__2017_10_12__11_08_39__10352',0,'LAVOIE','Arthur',0,'USER')
COMMIT
DELETE FROM LOGACCESS WHERE ID=10352
INSERT INTO LOGACCESS VALUES(10352,44,'Chrome 61','2017-10-12 11:08:39.616000','2017-10-12 11:09:23.854000','amap1',1514,'0:0:0:0:0:0:0:1','amap1/user__amap1__2017_10_12__11_08_39__10352',0,'LAVOIE','Arthur',0,'USER')
COMMIT
INSERT INTO LOGACCESS VALUES(10353,0,'Chrome 61','2017-10-12 11:09:26.247000',NULL,'amap1',1514,'0:0:0:0:0:0:0:1','amap1/user__amap1__2017_10_12__11_09_26__10353',0,'LAVOIE','Arthur',0,'USER')
COMMIT
INSERT INTO LOGACCESS VALUES(10354,0,NULL,'2017-10-12 11:09:35.708000',NULL,'master',NULL,NULL,'master/deamon__master__2017_10_12__11_09_35__10354',0,'NotificationService',NULL,0,'DEAMON')
COMMIT
DELETE FROM LOGACCESS WHERE ID=10354
INSERT INTO LOGACCESS VALUES(10354,0,NULL,'2017-10-12 11:09:35.708000','2017-10-12 11:09:35.741000','master',NULL,NULL,'master/deamon__master__2017_10_12__11_09_35__10354',0,'NotificationService',NULL,0,'DEAMON')
COMMIT
INSERT INTO LOGACCESS VALUES(10355,0,NULL,'2017-10-12 11:09:35.744000',NULL,'amap1',NULL,NULL,'amap1/deamon__amap1__2017_10_12__11_09_35__10355',0,'NotificationService',NULL,0,'DEAMON')
COMMIT
DELETE FROM LOGACCESS WHERE ID=10355
INSERT INTO LOGACCESS VALUES(10355,0,NULL,'2017-10-12 11:09:35.744000','2017-10-12 11:09:35.772000','amap1',NULL,NULL,'amap1/deamon__amap1__2017_10_12__11_09_35__10355',0,'NotificationService',NULL,0,'DEAMON')
COMMIT
